<?xml version="1.0" encoding="UTF-8"?>
<!-- Generated by org.testng.reporters.JUnitXMLReporter -->
<testsuite ignored="2" hostname="LAPTOP-9R4SRQNE" failures="0" tests="2" name="Test" time="76.169" errors="0" timestamp="2024-03-11T10:56:55 IST">
  <testcase classname="contactsTests.CreateNewContactWithLeadSource" name="createContactWithMandatoryfield" time="25.833"/>
  <testcase classname="contactsTests.CreateNewContactTest" name="createContactWithMandatoryfield" time="9.883"/>
  <testcase classname="genericUtilities.BaseClass" name="@AfterSuite asConfig" time="0.0">
    <ignored/>
  </testcase> <!-- @AfterSuite asConfig -->
  <testcase classname="genericUtilities.BaseClass" name="@BeforeSuite bsConfig" time="0.0">
    <ignored/>
  </testcase> <!-- @BeforeSuite bsConfig -->
</testsuite> <!-- Test -->
